<?xml version="1.0" encoding="UTF-8"?>
<!-- Generated by org.testng.reporters.JUnitReportReporter -->
<testsuite name="com.parallel.test.parallelTestExecution1" tests="8" time="75.652" ignored="0" failures="0" timestamp="27 Jul 2020 07:14:18 GMT" skipped="0" hostname="Ravi.local" errors="0">
  <testcase name="tc_8" time="7.091" classname="com.parallel.test.parallelTestExecution1"/>
  <testcase name="tc_6" time="7.844" classname="com.parallel.test.parallelTestExecution1"/>
  <testcase name="tc_6" time="11.407" classname="com.parallel.test.parallelTestExecution1"/>
  <testcase name="tc_7" time="6.773" classname="com.parallel.test.parallelTestExecution1"/>
  <testcase name="tc_8" time="11.754" classname="com.parallel.test.parallelTestExecution1"/>
  <testcase name="tc_5" time="7.054" classname="com.parallel.test.parallelTestExecution1"/>
  <testcase name="tc_5" time="12.156" classname="com.parallel.test.parallelTestExecution1"/>
  <testcase name="tc_7" time="11.573" classname="com.parallel.test.parallelTestExecution1"/>
</testsuite> <!-- com.parallel.test.parallelTestExecution1 -->
